t,rms
0.003,3.18198e-05
0.006,9.52621e-05
0.009,0.000190093
0.012,0.000316041
0.015,0.0004728
0.018,0.000660027
0.021,0.000877347
0.024,0.00112435
0.027,0.00140058
0.03,0.00170557
0.033,0.00203882
0.036,0.00239976
0.039,0.00278785
0.042,0.00320247
0.045,0.00364299
0.048,0.00410875
0.051,0.00459908
0.054,0.00511326
0.057,0.00565055
0.06,0.00621019
0.063,0.0067914
0.066,0.00739338
0.069,0.00801529
0.072,0.0086563
0.075,0.00931553
0.078,0.00999211
0.081,0.0106851
0.084,0.0113937
0.087,0.0121169
0.09,0.0128537
0.093,0.0136032
0.096,0.0143645
0.099,0.0151366
0.102,0.0159184
0.105,0.0167091
0.108,0.0175076
0.111,0.0183129
0.114,0.019124
0.117,0.0199399
0.12,0.0207597
0.123,0.0215822
0.126,0.0224066
0.129,0.0232317
0.132,0.0240567
0.135,0.0248805
0.138,0.0257022
0.141,0.0265207
0.144,0.0273352
0.147,0.0281445
0.15,0.0289479
0.153,0.0297443
0.156,0.0305329
0.159,0.0313128
0.162,0.0320829
0.165,0.0328426
0.168,0.0335908
0.171,0.0343268
0.174,0.0350498
0.177,0.0357589
0.18,0.0364534
0.183,0.0371325
0.186,0.0377954
0.189,0.0384415
0.192,0.03907
0.195,0.0396804
0.198,0.0402719
0.201,0.0408439
0.204,0.0413959
0.207,0.0419273
0.21,0.0424375
0.213,0.042926
0.216,0.0433925
0.219,0.0438363
0.222,0.0442571
0.225,0.0446546
0.228,0.0450283
0.231,0.0453779
0.234,0.0457031
0.237,0.0460037
0.24,0.0462794
0.243,0.04653
0.246,0.0467553
0.249,0.0469552
0.252,0.0471296
0.255,0.0472784
0.258,0.0474015
0.261,0.047499
0.264,0.0475707
0.267,0.0476169
0.27,0.0476375
0.273,0.0476327
0.276,0.0476025
0.279,0.0475472
0.282,0.0474669
0.285,0.0473619
0.288,0.0472324
0.291,0.0470787
0.294,0.0469011
0.297,0.0466999
0.3,0.0464755
0.303,0.0462282
0.306,0.0459586
0.309,0.0456669
0.312,0.0453538
0.315,0.0450196
0.318,0.0446649
0.321,0.0442901
0.324,0.0438959
0.327,0.0434829
0.33,0.0430515
0.333,0.0426025
0.336,0.0421363
0.339,0.0416538
0.342,0.0411555
0.345,0.0406422
0.348,0.0401145
0.351,0.039573
0.354,0.0390187
0.357,0.0384521
0.36,0.037874
0.363,0.0372851
0.366,0.0366863
0.369,0.0360783
0.372,0.0354619
0.375,0.0348377
0.378,0.0342068
0.381,0.0335697
0.384,0.0329274
0.387,0.0322806
0.39,0.0316301
0.393,0.0309767
0.396,0.0303213
0.399,0.0296645
0.402,0.0290073
0.405,0.0283503
0.408,0.0276945
0.411,0.0270405
0.414,0.0263891
0.417,0.0257412
0.42,0.0250974
0.423,0.0244586
0.426,0.0238254
0.429,0.0231986
0.432,0.0225789
0.435,0.0219671
0.438,0.0213637
0.441,0.0207696
0.444,0.0201853
0.447,0.0196116
0.45,0.019049
0.453,0.0184982
0.456,0.0179597
0.459,0.0174342
0.462,0.0169223
0.465,0.0164244
0.468,0.0159411
0.471,0.0154729
0.474,0.0150204
0.477,0.0145838
0.48,0.0141638
0.483,0.0137607
0.486,0.0133749
0.489,0.0130068
0.492,0.0126568
0.495,0.0123252
0.498,0.0120122
0.501,0.0117182
0.504,0.0114435
0.507,0.0111882
0.51,0.0109525
0.513,0.0107368
0.516,0.010541
0.519,0.0103654
0.522,0.01021
0.525,0.010075
0.528,0.00996044
0.531,0.00986628
0.534,0.00979257
0.537,0.0097393
0.54,0.00970643
0.543,0.00969389
0.546,0.0097016
0.549,0.00972946
0.552,0.00977731
0.555,0.00984502
0.558,0.00993239
0.561,0.0100392
0.564,0.0101653
0.567,0.0103104
0.57,0.0104742
0.573,0.0106564
0.576,0.0108567
0.579,0.0110748
0.582,0.0113104
0.585,0.0115631
0.588,0.0118324
0.591,0.012118
0.594,0.0124194
0.597,0.0127363
0.6,0.0130681
0.603,0.0134144
0.606,0.0137746
0.609,0.0141484
0.612,0.0145352
0.615,0.0149343
0.618,0.0153454
0.621,0.0157679
0.624,0.0162011
0.627,0.0166445
0.63,0.0170976
0.633,0.0175597
0.636,0.0180302
0.639,0.0185086
0.642,0.0189942
0.645,0.0194864
0.648,0.0199845
0.651,0.020488
0.654,0.0209962
0.657,0.0215086
0.66,0.0220243
0.663,0.0225429
0.666,0.0230636
0.669,0.0235859
0.672,0.0241091
0.675,0.0246326
0.678,0.0251557
0.681,0.0256778
0.684,0.0261983
0.687,0.0267166
0.69,0.0272321
0.693,0.0277441
0.696,0.0282521
0.699,0.0287555
0.702,0.0292536
0.705,0.029746
0.708,0.0302321
0.711,0.0307113
0.714,0.031183
0.717,0.0316468
0.72,0.0321021
0.723,0.0325484
0.726,0.0329853
0.729,0.0334122
0.732,0.0338287
0.735,0.0342343
0.738,0.0346287
0.741,0.0350113
0.744,0.0353819
0.747,0.0357399
0.75,0.0360851
0.753,0.0364171
0.756,0.0367355
0.759,0.0370401
0.762,0.0373305
0.765,0.0376066
0.768,0.0378679
0.771,0.0381143
0.774,0.0383455
0.777,0.0385614
0.78,0.0387617
0.783,0.0389464
0.786,0.0391152
0.789,0.0392681
0.792,0.0394049
0.795,0.0395255
0.798,0.0396299
0.801,0.0397181
0.804,0.03979
0.807,0.0398456
0.81,0.0398849
0.813,0.039908
0.816,0.0399149
0.819,0.0399057
0.822,0.0398805
0.825,0.0398393
0.828,0.0397824
0.831,0.0397099
0.834,0.0396218
0.837,0.0395185
0.84,0.0394001
0.843,0.0392669
0.846,0.039119
0.849,0.0389567
0.852,0.0387803
0.855,0.03859
0.858,0.0383863
0.861,0.0381693
0.864,0.0379394
0.867,0.0376969
0.87,0.0374422
0.873,0.0371758
0.876,0.0368978
0.879,0.0366088
0.882,0.0363091
0.885,0.0359991
0.888,0.0356794
0.891,0.0353502
0.894,0.0350121
0.897,0.0346655
0.9,0.0343108
0.903,0.0339485
0.906,0.0335792
0.909,0.0332032
0.912,0.0328211
0.915,0.0324333
0.918,0.0320403
0.921,0.0316427
0.924,0.0312409
0.927,0.0308355
0.93,0.0304269
0.933,0.0300157
0.936,0.0296023
0.939,0.0291873
0.942,0.0287711
0.945,0.0283544
0.948,0.0279375
0.951,0.027521
0.954,0.0271053
0.957,0.026691
0.96,0.0262786
0.963,0.0258686
0.966,0.0254614
0.969,0.0250574
0.972,0.0246573
0.975,0.0242613
0.978,0.0238701
0.981,0.023484
0.984,0.0231035
0.987,0.0227289
0.99,0.0223608
0.993,0.0219995
0.996,0.0216454
0.999,0.021299
1.002,0.0209605
1.005,0.0206304
1.008,0.020309
1.011,0.0199967
1.014,0.0196938
1.017,0.0194005
1.02,0.0191173
1.023,0.0188444
1.026,0.018582
1.029,0.0183305
1.032,0.01809
1.035,0.0178609
1.038,0.0176432
1.041,0.0174374
1.044,0.0172434
1.047,0.0170616
1.05,0.016892
1.053,0.0167348
1.056,0.0165901
1.059,0.0164581
1.062,0.0163388
1.065,0.0162323
1.068,0.0161386
1.071,0.0160579
1.074,0.0159902
1.077,0.0159354
1.08,0.0158936
1.083,0.0158647
1.086,0.0158488
1.089,0.0158458
1.092,0.0158555
1.095,0.0158781
1.098,0.0159132
1.101,0.015961
1.104,0.0160211
1.107,0.0160935
1.11,0.0161781
1.113,0.0162747
1.116,0.0163831
1.119,0.0165031
1.122,0.0166345
1.125,0.0167771
1.128,0.0169307
1.131,0.017095
1.134,0.0172698
1.137,0.0174549
1.14,0.0176498
1.143,0.0178545
1.146,0.0180685
1.149,0.0182916
1.152,0.0185234
1.155,0.0187637
1.158,0.019012
1.161,0.0192682
1.164,0.0195317
1.167,0.0198024
1.17,0.0200797
1.173,0.0203633
1.176,0.020653
1.179,0.0209482
1.182,0.0212486
1.185,0.0215538
1.188,0.0218635
1.191,0.0221772
1.194,0.0224945
1.197,0.0228151
1.2,0.0231385
1.203,0.0234644
1.206,0.0237923
1.209,0.0241218
1.212,0.0244525
1.215,0.0247841
1.218,0.0251161
1.221,0.0254481
1.224,0.0257797
1.227,0.0261106
1.23,0.0264403
1.233,0.0267684
1.236,0.0270946
1.239,0.0274185
1.242,0.0277396
1.245,0.0280577
1.248,0.0283724
1.251,0.0286832
1.254,0.0289899
1.257,0.0292921
1.26,0.0295894
1.263,0.0298816
1.266,0.0301683
1.269,0.0304492
1.272,0.0307239
1.275,0.0309922
1.278,0.0312538
1.281,0.0315084
1.284,0.0317558
1.287,0.0319956
1.29,0.0322277
1.293,0.0324517
1.296,0.0326675
1.299,0.0328748
1.302,0.0330735
1.305,0.0332633
1.308,0.0334441
1.311,0.0336156
1.314,0.0337778
1.317,0.0339304
1.32,0.0340734
1.323,0.0342066
1.326,0.0343299
1.329,0.0344432
1.332,0.0345464
1.335,0.0346395
1.338,0.0347224
1.341,0.034795
1.344,0.0348573
1.347,0.0349093
1.35,0.034951
1.353,0.0349823
1.356,0.0350033
1.359,0.035014
1.362,0.0350145
1.365,0.0350048
1.368,0.0349849
1.371,0.034955
1.374,0.0349151
1.377,0.0348653
1.38,0.0348058
1.383,0.0347366
1.386,0.0346578
1.389,0.0345697
1.392,0.0344724
1.395,0.034366
1.398,0.0342508
1.401,0.0341268
1.404,0.0339943
1.407,0.0338535
1.41,0.0337046
1.413,0.0335479
1.416,0.0333834
1.419,0.0332116
1.422,0.0330326
1.425,0.0328466
1.428,0.032654
1.431,0.032455
1.434,0.0322498
1.437,0.0320388
1.44,0.0318223
1.443,0.0316004
1.446,0.0313736
1.449,0.031142
1.452,0.0309061
1.455,0.0306661
1.458,0.0304222
1.461,0.030175
1.464,0.0299246
1.467,0.0296713
1.47,0.0294155
1.473,0.0291575
1.476,0.0288977
1.479,0.0286363
1.482,0.0283736
1.485,0.02811
1.488,0.0278459
1.491,0.0275814
1.494,0.027317
1.497,0.027053
1.5,0.0267896
1.503,0.0265273
1.506,0.0262662
1.509,0.0260067
1.512,0.0257492
1.515,0.0254938
1.518,0.025241
1.521,0.024991
1.524,0.024744
1.527,0.0245004
1.53,0.0242604
1.533,0.0240244
1.536,0.0237925
1.539,0.023565
1.542,0.0233422
1.545,0.0231244
1.548,0.0229117
1.551,0.0227044
1.554,0.0225027
1.557,0.0223068
1.56,0.0221169
1.563,0.0219333
1.566,0.0217561
1.569,0.0215855
1.572,0.0214217
1.575,0.0212648
1.578,0.021115
1.581,0.0209724
1.584,0.0208372
1.587,0.0207095
1.59,0.0205894
1.593,0.020477
1.596,0.0203724
1.599,0.0202757
1.602,0.020187
1.605,0.0201063
1.608,0.0200337
1.611,0.0199693
1.614,0.019913
1.617,0.0198649
1.62,0.0198251
1.623,0.0197935
1.626,0.0197701
1.629,0.0197549
1.632,0.019748
1.635,0.0197491
1.638,0.0197584
1.641,0.0197758
1.644,0.0198011
1.647,0.0198344
1.65,0.0198756
1.653,0.0199245
1.656,0.019981
1.659,0.0200452
1.662,0.0201167
1.665,0.0201956
1.668,0.0202817
1.671,0.0203749
1.674,0.0204749
1.677,0.0205817
1.68,0.0206951
1.683,0.0208149
1.686,0.0209409
1.689,0.021073
1.692,0.021211
1.695,0.0213546
1.698,0.0215038
1.701,0.0216582
1.704,0.0218176
1.707,0.0219819
1.71,0.0221508
1.713,0.0223241
1.716,0.0225016
1.719,0.022683
1.722,0.0228681
1.725,0.0230567
1.728,0.0232484
1.731,0.0234431
1.734,0.0236406
1.737,0.0238405
1.74,0.0240426
1.743,0.0242467
1.746,0.0244524
1.749,0.0246597
1.752,0.0248681
1.755,0.0250774
1.758,0.0252874
1.761,0.0254979
1.764,0.0257085
1.767,0.0259191
1.77,0.0261293
1.773,0.0263389
1.776,0.0265477
1.779,0.0267554
1.782,0.0269618
1.785,0.0271666
1.788,0.0273696
1.791,0.0275705
1.794,0.0277692
1.797,0.0279654
1.8,0.0281589
1.803,0.0283495
1.806,0.0285369
1.809,0.0287209
1.812,0.0289014
1.815,0.0290781
1.818,0.0292508
1.821,0.0294194
1.824,0.0295837
1.827,0.0297434
1.83,0.0298985
1.833,0.0300488
1.836,0.0301941
1.839,0.0303342
1.842,0.0304691
1.845,0.0305985
1.848,0.0307224
1.851,0.0308406
1.854,0.0309531
1.857,0.0310596
1.86,0.0311602
1.863,0.0312547
1.866,0.031343
1.869,0.0314251
1.872,0.0315009
1.875,0.0315704
1.878,0.0316334
1.881,0.03169
1.884,0.0317401
1.887,0.0317837
1.89,0.0318207
1.893,0.0318512
1.896,0.0318751
1.899,0.0318925
1.902,0.0319033
1.905,0.0319076
1.908,0.0319055
1.911,0.0318968
1.914,0.0318818
1.917,0.0318604
1.92,0.0318327
1.923,0.0317987
1.926,0.0317586
1.929,0.0317124
1.932,0.0316602
1.935,0.0316021
1.938,0.0315381
1.941,0.0314685
1.944,0.0313932
1.947,0.0313125
1.95,0.0312265
1.953,0.0311352
1.956,0.0310388
1.959,0.0309375
1.962,0.0308314
1.965,0.0307206
1.968,0.0306053
1.971,0.0304858
1.974,0.030362
1.977,0.0302343
1.98,0.0301027
1.983,0.0299675
1.986,0.0298288
1.989,0.0296868
1.992,0.0295418
1.995,0.0293938
1.998,0.0292432
2.001,0.02909
2.004,0.0289345
2.007,0.0287768
2.01,0.0286173
2.013,0.028456
2.016,0.0282932
2.019,0.028129
2.022,0.0279638
2.025,0.0277976
2.028,0.0276308
2.031,0.0274634
2.034,0.0272958
2.037,0.027128
2.04,0.0269604
2.043,0.026793
2.046,0.0266262
2.049,0.0264601
2.052,0.0262948
2.055,0.0261307
2.058,0.0259678
2.061,0.0258064
2.064,0.0256467
2.067,0.0254888
2.07,0.0253329
2.073,0.0251793
2.076,0.025028
2.079,0.0248792
2.082,0.0247332
2.085,0.02459
2.088,0.0244499
2.091,0.0243129
2.094,0.0241793
2.097,0.0240491
2.1,0.0239226
2.103,0.0237998
2.106,0.0236808
2.109,0.0235659
2.112,0.0234551
2.115,0.0233485
2.118,0.0232462
2.121,0.0231484
2.124,0.0230551
2.127,0.0229665
2.13,0.0228825
2.133,0.0228033
2.136,0.022729
2.139,0.0226596
2.142,0.0225951
2.145,0.0225357
2.148,0.0224814
2.151,0.0224321
2.154,0.0223881
2.157,0.0223492
2.16,0.0223155
2.163,0.022287
2.166,0.0222637
2.169,0.0222456
2.172,0.0222328
2.175,0.0222251
2.178,0.0222227
2.181,0.0222254
2.184,0.0222332
2.187,0.0222462
2.19,0.0222642
2.193,0.0222872
2.196,0.0223152
2.199,0.0223481
2.202,0.0223858
2.205,0.0224283
2.208,0.0224755
2.211,0.0225273
2.214,0.0225836
2.217,0.0226444
2.22,0.0227095
2.223,0.0227788
2.226,0.0228523
2.229,0.0229298
2.232,0.0230113
2.235,0.0230965
2.238,0.0231854
2.241,0.0232779
2.244,0.0233737
2.247,0.0234729
2.25,0.0235753
2.253,0.0236806
2.256,0.0237888
2.259,0.0238998
2.262,0.0240133
2.265,0.0241293
2.268,0.0242476
2.271,0.024368
2.274,0.0244904
2.277,0.0246146
2.28,0.0247404
2.283,0.0248678
2.286,0.0249965
2.289,0.0251263
2.292,0.0252572
2.295,0.025389
2.298,0.0255214
2.301,0.0256544
2.304,0.0257878
2.307,0.0259213
2.31,0.0260549
2.313,0.0261884
2.316,0.0263216
2.319,0.0264544
2.322,0.0265866
2.325,0.0267181
2.328,0.0268486
2.331,0.0269781
2.334,0.0271064
2.337,0.0272334
2.34,0.0273588
2.343,0.0274826
2.346,0.0276047
2.349,0.0277248
2.352,0.0278429
2.355,0.0279588
2.358,0.0280723
2.361,0.0281835
2.364,0.0282921
2.367,0.028398
2.37,0.0285011
2.373,0.0286013
2.376,0.0286986
2.379,0.0287927
2.382,0.0288836
2.385,0.0289712
2.388,0.0290555
2.391,0.0291362
2.394,0.0292135
2.397,0.0292871
2.4,0.029357
2.403,0.0294231
2.406,0.0294855
2.409,0.0295439
2.412,0.0295985
2.415,0.029649
2.418,0.0296956
2.421,0.0297381
2.424,0.0297765
2.427,0.0298108
2.43,0.029841
2.433,0.0298671
2.436,0.029889
2.439,0.0299067
2.442,0.0299203
2.445,0.0299298
2.448,0.029935
2.451,0.0299362
2.454,0.0299333
2.457,0.0299262
2.46,0.0299152
2.463,0.0299001
2.466,0.029881
2.469,0.0298579
2.472,0.029831
2.475,0.0298002
2.478,0.0297657
2.481,0.0297274
2.484,0.0296854
2.487,0.0296399
2.49,0.0295908
2.493,0.0295383
2.496,0.0294825
2.499,0.0294233
2.502,0.029361
2.505,0.0292955
2.508,0.0292271
2.511,0.0291557
2.514,0.0290816
2.517,0.0290047
2.52,0.0289252
2.523,0.0288432
2.526,0.0287589
2.529,0.0286723
2.532,0.0285835
2.535,0.0284927
2.538,0.0283999
2.541,0.0283054
2.544,0.0282092
2.547,0.0281115
2.55,0.0280123
2.553,0.0279118
2.556,0.0278102
2.559,0.0277075
2.562,0.0276039
2.565,0.0274995
2.568,0.0273944
2.571,0.0272888
2.574,0.0271829
2.577,0.0270766
2.58,0.0269702
2.583,0.0268638
2.586,0.0267575
2.589,0.0266515
2.592,0.0265458
2.595,0.0264406
2.598,0.0263361
2.601,0.0262322
2.604,0.0261293
2.607,0.0260273
2.61,0.0259264
2.613,0.0258267
2.616,0.0257284
2.619,0.0256315
2.622,0.0255361
2.625,0.0254424
2.628,0.0253504
2.631,0.0252603
2.634,0.0251722
2.637,0.0250861
2.64,0.0250022
2.643,0.0249205
2.646,0.0248411
2.649,0.0247641
2.652,0.0246896
2.655,0.0246177
2.658,0.0245484
2.661,0.0244819
2.664,0.0244181
2.667,0.0243571
2.67,0.024299
2.673,0.0242439
2.676,0.0241918
2.679,0.0241428
2.682,0.0240968
2.685,0.024054
2.688,0.0240143
2.691,0.0239778
2.694,0.0239446
2.697,0.0239146
2.7,0.0238879
2.703,0.0238645
2.706,0.0238444
2.709,0.0238276
2.712,0.023814
2.715,0.0238039
2.718,0.023797
2.721,0.0237934
2.724,0.0237931
2.727,0.023796
2.73,0.0238023
2.733,0.0238117
2.736,0.0238243
2.739,0.0238401
2.742,0.0238591
2.745,0.0238811
2.748,0.0239062
2.751,0.0239343
2.754,0.0239654
2.757,0.0239993
2.76,0.0240361
2.763,0.0240757
2.766,0.0241181
2.769,0.0241631
2.772,0.0242107
2.775,0.0242608
2.778,0.0243134
2.781,0.0243683
2.784,0.0244256
2.787,0.0244851
2.79,0.0245467
2.793,0.0246104
2.796,0.0246761
2.799,0.0247436
2.802,0.0248129
2.805,0.0248839
2.808,0.0249566
2.811,0.0250307
2.814,0.0251062
2.817,0.0251831
2.82,0.0252612
2.823,0.0253404
2.826,0.0254206
2.829,0.0255017
2.832,0.0255836
2.835,0.0256663
2.838,0.0257495
2.841,0.0258333
2.844,0.0259175
2.847,0.0260019
2.85,0.0260866
2.853,0.0261713
2.856,0.026256
2.859,0.0263407
2.862,0.0264251
2.865,0.0265092
2.868,0.0265929
2.871,0.026676
2.874,0.0267586
2.877,0.0268405
2.88,0.0269215
2.883,0.0270017
2.886,0.0270809
2.889,0.027159
2.892,0.027236
2.895,0.0273117
2.898,0.0273861
2.901,0.027459
2.904,0.0275305
2.907,0.0276004
2.91,0.0276686
2.913,0.0277352
2.916,0.0277999
2.919,0.0278627
2.922,0.0279237
2.925,0.0279826
2.928,0.0280395
2.931,0.0280943
2.934,0.0281469
2.937,0.0281972
2.94,0.0282454
2.943,0.0282912
2.946,0.0283346
2.949,0.0283756
2.952,0.0284142
2.955,0.0284504
2.958,0.028484
2.961,0.0285151
2.964,0.0285437
2.967,0.0285696
2.97,0.028593
2.973,0.0286138
2.976,0.028632
2.979,0.0286475
2.982,0.0286604
2.985,0.0286706
2.988,0.0286782
2.991,0.0286832
2.994,0.0286856
2.997,0.0286853
3,0.0286825
3.003,0.028677
3.006,0.028669
3.009,0.0286585
3.012,0.0286454
3.015,0.0286298
3.018,0.0286118
3.021,0.0285914
3.024,0.0285686
3.027,0.0285434
3.03,0.0285159
3.033,0.0284862
3.036,0.0284542
3.039,0.0284201
3.042,0.0283838
3.045,0.0283455
3.048,0.0283052
3.051,0.028263
3.054,0.0282189
3.057,0.0281729
3.06,0.0281252
3.063,0.0280758
3.066,0.0280248
3.069,0.0279722
3.072,0.0279181
3.075,0.0278626
3.078,0.0278058
3.081,0.0277477
3.084,0.0276885
3.087,0.0276281
3.09,0.0275667
3.093,0.0275043
3.096,0.0274411
3.099,0.0273771
3.102,0.0273123
3.105,0.027247
3.108,0.027181
3.111,0.0271147
3.114,0.0270479
3.117,0.0269808
3.12,0.0269135
3.123,0.0268461
3.126,0.0267786
3.129,0.0267111
3.132,0.0266437
3.135,0.0265765
3.138,0.0265096
3.141,0.026443
3.144,0.0263769
3.147,0.0263112
3.15,0.0262461
3.153,0.0261817
3.156,0.026118
3.159,0.0260551
3.162,0.025993
3.165,0.0259319
3.168,0.0258718
3.171,0.0258128
3.174,0.0257549
3.177,0.0256982
3.18,0.0256428
3.183,0.0255887
3.186,0.025536
3.189,0.0254847
3.192,0.0254349
3.195,0.0253867
3.198,0.0253401
3.201,0.0252951
3.204,0.0252518
3.207,0.0252102
3.21,0.0251704
3.213,0.0251325
3.216,0.0250963
3.219,0.0250621
3.222,0.0250298
3.225,0.0249994
3.228,0.024971
3.231,0.0249446
3.234,0.0249202
3.237,0.0248979
3.24,0.0248776
3.243,0.0248593
3.246,0.0248432
3.249,0.0248291
3.252,0.0248172
3.255,0.0248073
3.258,0.0247995
3.261,0.0247939
3.264,0.0247903
3.267,0.0247888
3.27,0.0247894
3.273,0.0247921
3.276,0.0247968
3.279,0.0248036
3.282,0.0248124
3.285,0.0248232
3.288,0.0248359
3.291,0.0248506
3.294,0.0248673
3.297,0.0248858
3.3,0.0249062
3.303,0.0249285
3.306,0.0249525
3.309,0.0249783
3.312,0.0250058
3.315,0.025035
3.318,0.0250658
3.321,0.0250982
3.324,0.0251321
3.327,0.0251675
3.33,0.0252044
3.333,0.0252427
3.336,0.0252823
3.339,0.0253231
3.342,0.0253653
3.345,0.0254085
3.348,0.0254529
3.351,0.0254984
3.354,0.0255448
3.357,0.0255922
3.36,0.0256404
3.363,0.0256895
3.366,0.0257393
3.369,0.0257898
3.372,0.0258409
3.375,0.0258926
3.378,0.0259447
3.381,0.0259973
3.384,0.0260502
3.387,0.0261035
3.39,0.0261569
3.393,0.0262106
3.396,0.0262643
3.399,0.026318
3.402,0.0263718
3.405,0.0264254
3.408,0.0264789
3.411,0.0265321
3.414,0.0265851
3.417,0.0266377
3.42,0.0266899
3.423,0.0267417
3.426,0.0267929
3.429,0.0268435
3.432,0.0268935
3.435,0.0269428
3.438,0.0269913
3.441,0.027039
3.444,0.0270859
3.447,0.0271318
3.45,0.0271767
3.453,0.0272207
3.456,0.0272636
3.459,0.0273053
3.462,0.0273459
3.465,0.0273853
3.468,0.0274235
3.471,0.0274604
3.474,0.027496
3.477,0.0275302
3.48,0.027563
3.483,0.0275945
3.486,0.0276244
3.489,0.0276529
3.492,0.0276799
3.495,0.0277053
3.498,0.0277292
3.501,0.0277515
3.504,0.0277723
3.507,0.0277914
3.51,0.0278089
3.513,0.0278247
3.516,0.0278389
3.519,0.0278515
3.522,0.0278624
3.525,0.0278716
3.528,0.0278791
3.531,0.027885
3.534,0.0278892
3.537,0.0278917
3.54,0.0278925
3.543,0.0278918
3.546,0.0278893
3.549,0.0278852
3.552,0.0278795
3.555,0.0278722
3.558,0.0278633
3.561,0.0278529
3.564,0.0278409
3.567,0.0278273
3.57,0.0278123
3.573,0.0277957
3.576,0.0277778
3.579,0.0277583
3.582,0.0277375
3.585,0.0277154
3.588,0.0276919
3.591,0.0276671
3.594,0.0276411
3.597,0.0276138
3.6,0.0275854
3.603,0.0275558
3.606,0.0275251
3.609,0.0274934
3.612,0.0274606
3.615,0.0274269
3.618,0.0273923
3.621,0.0273567
3.624,0.0273204
3.627,0.0272833
3.63,0.0272454
3.633,0.0272068
3.636,0.0271677
3.639,0.0271279
3.642,0.0270876
3.645,0.0270468
3.648,0.0270056
3.651,0.0269639
3.654,0.026922
3.657,0.0268798
3.66,0.0268374
3.663,0.0267948
3.666,0.026752
3.669,0.0267092
3.672,0.0266664
3.675,0.0266236
3.678,0.0265809
3.681,0.0265384
3.684,0.026496
3.687,0.0264539
3.69,0.026412
3.693,0.0263705
3.696,0.0263293
3.699,0.0262886
3.702,0.0262484
3.705,0.0262087
3.708,0.0261696
3.711,0.026131
3.714,0.0260932
3.717,0.026056
3.72,0.0260196
3.723,0.0259839
3.726,0.0259491
3.729,0.0259151
3.732,0.025882
3.735,0.0258498
3.738,0.0258186
3.741,0.0257884
3.744,0.0257592
3.747,0.0257311
3.75,0.0257041
3.753,0.0256781
3.756,0.0256533
3.759,0.0256297
3.762,0.0256072
3.765,0.025586
3.768,0.0255659
3.771,0.0255471
3.774,0.0255296
3.777,0.0255133
3.78,0.0254984
3.783,0.0254847
3.786,0.0254723
3.789,0.0254613
3.792,0.0254515
3.795,0.0254431
3.798,0.025436
3.801,0.0254303
3.804,0.0254259
3.807,0.0254228
3.81,0.025421
3.813,0.0254206
3.816,0.0254215
3.819,0.0254236
3.822,0.0254271
3.825,0.0254319
3.828,0.025438
3.831,0.0254453
3.834,0.0254539
3.837,0.0254637
3.84,0.0254747
3.843,0.0254869
3.846,0.0255003
3.849,0.0255148
3.852,0.0255305
3.855,0.0255473
3.858,0.0255651
3.861,0.0255841
3.864,0.025604
3.867,0.0256249
3.87,0.0256468
3.873,0.0256696
3.876,0.0256934
3.879,0.025718
3.882,0.0257434
3.885,0.0257696
3.888,0.0257966
3.891,0.0258243
3.894,0.0258528
3.897,0.0258818
3.9,0.0259115
3.903,0.0259418
3.906,0.0259726
3.909,0.0260039
3.912,0.0260357
3.915,0.0260678
3.918,0.0261004
3.921,0.0261333
3.924,0.0261665
3.927,0.0261999
3.93,0.0262336
3.933,0.0262674
3.936,0.0263014
3.939,0.0263354
3.942,0.0263695
3.945,0.0264036
3.948,0.0264377
3.951,0.0264717
3.954,0.0265055
3.957,0.0265393
3.96,0.0265728
3.963,0.0266061
3.966,0.0266391
3.969,0.0266718
3.972,0.0267041
3.975,0.0267361
3.978,0.0267676
3.981,0.0267987
3.984,0.0268293
3.987,0.0268594
3.99,0.0268888
3.993,0.0269177
3.996,0.026946
3.999,0.0269736
4.002,0.0270006
4.005,0.0270268
4.008,0.0270523
4.011,0.027077
4.014,0.0271009
4.017,0.027124
4.02,0.0271462
4.023,0.0271676
4.026,0.0271881
4.029,0.0272076
4.032,0.0272263
4.035,0.027244
4.038,0.0272607
4.041,0.0272765
4.044,0.0272913
4.047,0.0273051
4.05,0.0273178
4.053,0.0273296
4.056,0.0273403
4.059,0.0273499
4.062,0.0273585
4.065,0.0273661
4.068,0.0273726
4.071,0.027378
4.074,0.0273824
4.077,0.0273857
4.08,0.027388
4.083,0.0273892
4.086,0.0273893
4.089,0.0273884
4.092,0.0273865
4.095,0.0273835
4.098,0.0273795
4.101,0.0273745
4.104,0.0273684
4.107,0.0273614
4.11,0.0273534
4.113,0.0273445
4.116,0.0273346
4.119,0.0273237
4.122,0.027312
4.125,0.0272993
4.128,0.0272858
4.131,0.0272714
4.134,0.0272562
4.137,0.0272402
4.14,0.0272233
4.143,0.0272058
4.146,0.0271874
4.149,0.0271684
4.152,0.0271487
4.155,0.0271283
4.158,0.0271073
4.161,0.0270857
4.164,0.0270635
4.167,0.0270408
4.17,0.0270175
4.173,0.0269938
4.176,0.0269696
4.179,0.026945
4.182,0.02692
4.185,0.0268946
4.188,0.0268689
4.191,0.0268429
4.194,0.0268167
4.197,0.0267902
4.2,0.0267635
4.203,0.0267367
4.206,0.0267097
4.209,0.0266827
4.212,0.0266555
4.215,0.0266284
4.218,0.0266012
4.221,0.0265741
4.224,0.0265471
4.227,0.0265201
4.23,0.0264933
4.233,0.0264666
4.236,0.0264401
4.239,0.0264139
4.242,0.0263879
4.245,0.0263622
4.248,0.0263368
4.251,0.0263117
4.254,0.0262871
4.257,0.0262628
4.26,0.0262389
4.263,0.0262155
4.266,0.0261926
4.269,0.0261702
4.272,0.0261483
4.275,0.0261269
4.278,0.0261062
4.281,0.026086
4.284,0.0260664
4.287,0.0260475
4.29,0.0260293
4.293,0.0260117
4.296,0.0259948
4.299,0.0259786
4.302,0.0259632
4.305,0.0259484
4.308,0.0259345
4.311,0.0259213
4.314,0.0259089
4.317,0.0258973
4.32,0.0258865
4.323,0.0258764
4.326,0.0258673
4.329,0.0258589
4.332,0.0258514
4.335,0.0258447
4.338,0.0258388
4.341,0.0258338
4.344,0.0258296
4.347,0.0258263
4.35,0.0258238
4.353,0.0258222
4.356,0.0258214
4.359,0.0258214
4.362,0.0258223
4.365,0.025824
4.368,0.0258265
4.371,0.0258299
4.374,0.025834
4.377,0.025839
4.38,0.0258447
4.383,0.0258512
4.386,0.0258585
4.389,0.0258666
4.392,0.0258753
4.395,0.0258848
4.398,0.025895
4.401,0.0259059
4.404,0.0259175
4.407,0.0259298
4.41,0.0259427
4.413,0.0259562
4.416,0.0259703
4.419,0.025985
4.422,0.0260002
4.425,0.0260161
4.428,0.0260324
4.431,0.0260492
4.434,0.0260665
4.437,0.0260843
4.44,0.0261025
4.443,0.0261211
4.446,0.02614
4.449,0.0261594
4.452,0.026179
4.455,0.026199
4.458,0.0262193
4.461,0.0262398
4.464,0.0262605
4.467,0.0262814
4.47,0.0263026
4.473,0.0263238
4.476,0.0263452
4.479,0.0263667
4.482,0.0263883
4.485,0.0264099
4.488,0.0264315
4.491,0.0264531
4.494,0.0264747
4.497,0.0264963
4.5,0.0265177
4.503,0.0265391
4.506,0.0265603
4.509,0.0265813
4.512,0.0266022
4.515,0.0266229
4.518,0.0266433
4.521,0.0266635
4.524,0.0266834
4.527,0.026703
4.53,0.0267222
4.533,0.0267412
4.536,0.0267597
4.539,0.0267779
4.542,0.0267957
4.545,0.0268131
4.548,0.02683
4.551,0.0268464
4.554,0.0268624
4.557,0.0268779
4.56,0.0268928
4.563,0.0269073
4.566,0.0269212
4.569,0.0269345
4.572,0.0269473
4.575,0.0269595
4.578,0.0269711
4.581,0.0269821
4.584,0.0269925
4.587,0.0270023
4.59,0.0270114
4.593,0.0270199
4.596,0.0270277
4.599,0.0270349
4.602,0.0270414
4.605,0.0270473
4.608,0.0270525
4.611,0.0270571
4.614,0.0270609
4.617,0.0270641
4.62,0.0270666
4.623,0.0270685
4.626,0.0270697
4.629,0.0270702
4.632,0.02707
4.635,0.0270692
4.638,0.0270677
4.641,0.0270656
4.644,0.0270628
4.647,0.0270593
4.65,0.0270553
4.653,0.0270506
4.656,0.0270453
4.659,0.0270394
4.662,0.0270329
4.665,0.0270258
4.668,0.0270181
4.671,0.0270099
4.674,0.0270011
4.677,0.0269917
4.68,0.0269819
4.683,0.0269715
4.686,0.0269607
4.689,0.0269493
4.692,0.0269376
4.695,0.0269253
4.698,0.0269126
4.701,0.0268996
4.704,0.0268861
4.707,0.0268722
4.71,0.026858
4.713,0.0268435
4.716,0.0268286
4.719,0.0268134
4.722,0.026798
4.725,0.0267823
4.728,0.0267663
4.731,0.0267501
4.734,0.0267338
4.737,0.0267172
4.74,0.0267005
4.743,0.0266837
4.746,0.0266667
4.749,0.0266497
4.752,0.0266325
4.755,0.0266153
4.758,0.0265981
4.761,0.0265809
4.764,0.0265637
4.767,0.0265465
4.77,0.0265294
4.773,0.0265123
4.776,0.0264953
4.779,0.0264784
4.782,0.0264617
4.785,0.0264451
4.788,0.0264287
4.791,0.0264125
4.794,0.0263964
4.797,0.0263806
4.8,0.0263651
4.803,0.0263498
4.806,0.0263347
4.809,0.02632
4.812,0.0263056
4.815,0.0262915
4.818,0.0262777
4.821,0.0262643
4.824,0.0262513
4.827,0.0262386
4.83,0.0262264
4.833,0.0262145
4.836,0.0262031
4.839,0.0261921
4.842,0.0261816
4.845,0.0261715
4.848,0.0261619
4.851,0.0261527
4.854,0.0261441
4.857,0.0261359
4.86,0.0261282
4.863,0.026121
4.866,0.0261144
4.869,0.0261082
4.872,0.0261026
4.875,0.0260975
4.878,0.0260929
4.881,0.0260889
4.884,0.0260853
4.887,0.0260824
4.89,0.0260799
4.893,0.026078
4.896,0.0260767
4.899,0.0260758
4.902,0.0260755
4.905,0.0260758
4.908,0.0260765
4.911,0.0260778
4.914,0.0260796
4.917,0.0260819
4.92,0.0260847
4.923,0.0260881
4.926,0.0260919
4.929,0.0260962
4.932,0.026101
4.935,0.0261063
4.938,0.026112
4.941,0.0261182
4.944,0.0261249
4.947,0.026132
4.95,0.0261395
4.953,0.0261474
4.956,0.0261557
4.959,0.0261644
4.962,0.0261735
4.965,0.026183
4.968,0.0261928
4.971,0.026203
4.974,0.0262134
4.977,0.0262242
4.98,0.0262353
4.983,0.0262467
4.986,0.0262583
4.989,0.0262702
4.992,0.0262823
4.995,0.0262947
4.998,0.0263072
5.001,0.02632
5.004,0.0263329
5.007,0.026346
5.01,0.0263592
5.013,0.0263725
5.016,0.0263859
5.019,0.0263995
5.022,0.026413
5.025,0.0264267
5.028,0.0264404
5.031,0.0264541
5.034,0.0264678
5.037,0.0264815
5.04,0.0264952
5.043,0.0265089
5.046,0.0265225
5.049,0.026536
5.052,0.0265494
5.055,0.0265627
5.058,0.0265759
5.061,0.0265889
5.064,0.0266018
5.067,0.0266146
5.07,0.0266271
5.073,0.0266395
5.076,0.0266516
5.079,0.0266635
5.082,0.0266752
5.085,0.0266867
5.088,0.0266978
5.091,0.0267087
5.094,0.0267194
5.097,0.0267297
5.1,0.0267397
5.103,0.0267494
5.106,0.0267588
5.109,0.0267678
5.112,0.0267765
5.115,0.0267848
5.118,0.0267928
5.121,0.0268004
5.124,0.0268076
5.127,0.0268144
5.13,0.0268208
5.133,0.0268269
5.136,0.0268325
5.139,0.0268378
5.142,0.0268426
5.145,0.026847
5.148,0.026851
5.151,0.0268545
5.154,0.0268577
5.157,0.0268604
5.16,0.0268627
5.163,0.0268645
5.166,0.026866
5.169,0.026867
5.172,0.0268676
5.175,0.0268677
5.178,0.0268675
5.181,0.0268668
5.184,0.0268657
5.187,0.0268642
5.19,0.0268622
5.193,0.0268599
5.196,0.0268572
5.199,0.0268541
5.202,0.0268505
5.205,0.0268466
5.208,0.0268424
5.211,0.0268377
5.214,0.0268327
5.217,0.0268274
5.22,0.0268217
5.223,0.0268156
5.226,0.0268092
5.229,0.0268026
5.232,0.0267955
5.235,0.0267882
5.238,0.0267807
5.241,0.0267728
5.244,0.0267646
5.247,0.0267563
5.25,0.0267476
5.253,0.0267387
5.256,0.0267296
5.259,0.0267203
5.262,0.0267108
5.265,0.0267011
5.268,0.0266913
5.271,0.0266812
5.274,0.0266711
5.277,0.0266608
5.28,0.0266503
5.283,0.0266398
5.286,0.0266292
5.289,0.0266185
5.292,0.0266077
5.295,0.0265968
5.298,0.026586
5.301,0.026575
5.304,0.0265641
5.307,0.0265532
5.31,0.0265423
5.313,0.0265314
5.316,0.0265205
5.319,0.0265097
5.322,0.026499
5.325,0.0264883
5.328,0.0264777
5.331,0.0264672
5.334,0.0264569
5.337,0.0264466
5.34,0.0264365
5.343,0.0264265
5.346,0.0264167
5.349,0.0264071
5.352,0.0263976
5.355,0.0263883
5.358,0.0263793
5.361,0.0263704
5.364,0.0263618
5.367,0.0263534
5.37,0.0263452
5.373,0.0263373
5.376,0.0263296
5.379,0.0263222
5.382,0.026315
5.385,0.0263082
5.388,0.0263016
5.391,0.0262953
5.394,0.0262893
5.397,0.0262836
5.4,0.0262782
5.403,0.0262732
5.406,0.0262684
5.409,0.026264
5.412,0.0262599
